<?xml version="1.0" encoding="UTF-8"?>
<!-- Generated by org.testng.reporters.JUnitReportReporter -->
<testsuite hostname="LTIN270424" failures="0" tests="1" name="testCase.TC_01_upcomingbikes" time="85.824" errors="0" timestamp="2024-02-29T12:35:42 IST" skipped="0">
  <testcase classname="testCase.TC_01_upcomingbikes" name="upcomingbike" time="85.824"/>
</testsuite> <!-- testCase.TC_01_upcomingbikes -->
