<?xml version="1.0" encoding="UTF-8"?>
<!-- Generated by org.testng.reporters.JUnitReportReporter -->
<testsuite hostname="LTIN270424" failures="0" tests="3" name="TestSuite.smokeTest" time="47.485" errors="0" timestamp="2024-02-29T11:06:51 IST" skipped="0">
  <testcase classname="TestSuite.smokeTest" name="upcome" time="9.845"/>
  <testcase classname="TestSuite.smokeTest" name="click_usedCar" time="25.047"/>
  <testcase classname="TestSuite.smokeTest" name="signin" time="12.593"/>
</testsuite> <!-- TestSuite.smokeTest -->
