<?xml version="1.0" encoding="UTF-8"?>
<!-- Generated by org.testng.reporters.JUnitReportReporter -->
<testsuite hostname="LTIN270424" failures="0" tests="1" name="testCase.TC_01_upcomingbikes" time="59.514" errors="0" timestamp="2024-03-05T14:11:26 IST" skipped="0">
  <testcase classname="testCase.TC_01_upcomingbikes" name="upcomingbike" time="59.514"/>
</testsuite> <!-- testCase.TC_01_upcomingbikes -->
