<?xml version="1.0" encoding="UTF-8"?>
<!-- Generated by org.testng.reporters.JUnitReportReporter -->
<testsuite hostname="LTIN270424" failures="0" tests="1" name="testCase.TC_02_usedcars" time="37.615" errors="0" timestamp="2024-03-05T14:11:26 IST" skipped="0">
  <testcase classname="testCase.TC_02_usedcars" name="usedCars" time="37.615"/>
</testsuite> <!-- testCase.TC_02_usedcars -->
